<?xml version="1.0" encoding="UTF-8"?>
<!-- Generated by org.testng.reporters.JUnitReportReporter -->
<testsuite hostname="DESKTOP-E8B2JUG" failures="0" tests="1" name="basic.assignment_07" time="30.273" errors="0" timestamp="2022-03-29T20:52:47 PST" skipped="0">
  <testcase classname="basic.assignment_07" name="table_print" time="30.273"/>
  <system-out/>
</testsuite> <!-- basic.assignment_07 -->
