<?xml version="1.0" encoding="UTF-8"?>
<!-- Generated by org.testng.reporters.JUnitReportReporter -->
<testsuite hostname="DESKTOP-E8B2JUG" failures="0" tests="1" name="selenium4.multi_window" time="16.665" errors="0" timestamp="2022-03-25T23:08:32 PST" skipped="0">
  <testcase classname="selenium4.multi_window" name="multiple_invoke" time="16.665"/>
  <system-out/>
</testsuite> <!-- selenium4.multi_window -->
