<?xml version="1.0" encoding="UTF-8"?>
<!-- Generated by org.testng.reporters.JUnitReportReporter -->
<testsuite hostname="DESKTOP-E8B2JUG" failures="0" tests="1" name="selenium4.capture_screenshot" time="21.654" errors="0" timestamp="2022-03-26T09:58:19 PST" skipped="0">
  <testcase classname="selenium4.capture_screenshot" name="capture_screen" time="21.654"/>
  <system-out/>
</testsuite> <!-- selenium4.capture_screenshot -->
