<?xml version="1.0" encoding="UTF-8"?>
<!-- Generated by org.testng.reporters.JUnitReportReporter -->
<testsuite hostname="DESKTOP-E8B2JUG" failures="0" tests="1" name="basic.assignment_04" time="12.833" errors="0" timestamp="2022-03-27T09:52:34 PST" skipped="0">
  <testcase classname="basic.assignment_04" name="multiple_invoke" time="12.833"/>
  <system-out/>
</testsuite> <!-- basic.assignment_04 -->
