<?xml version="1.0" encoding="UTF-8"?>
<!-- Generated by org.testng.reporters.JUnitReportReporter -->
<testsuite hostname="DESKTOP-E8B2JUG" failures="0" tests="1" name="basic.assignment_05" time="24.924" errors="0" timestamp="2022-03-27T21:45:36 PST" skipped="0">
  <testcase classname="basic.assignment_05" name="frame_test" time="24.924"/>
  <system-out/>
</testsuite> <!-- basic.assignment_05 -->
