<?xml version="1.0" encoding="UTF-8"?>
<!-- Generated by org.testng.reporters.JUnitReportReporter -->
<testsuite hostname="DESKTOP-E8B2JUG" failures="0" tests="1" name="grid.grid_test" time="4.763" errors="0" timestamp="2022-03-26T15:26:39 PST" skipped="0">
  <testcase classname="grid.grid_test" name="home_page_check" time="4.763"/>
  <system-out/>
</testsuite> <!-- grid.grid_test -->
