<?xml version="1.0" encoding="UTF-8"?>
<!-- Generated by org.testng.reporters.JUnitReportReporter -->
<testsuite hostname="DESKTOP-E8B2JUG" failures="0" tests="1" name="basic.assignment_06" time="12.187" errors="0" timestamp="2022-03-27T22:20:56 PST" skipped="0">
  <testcase classname="basic.assignment_06" name="frame_test" time="12.187"/>
  <system-out/>
</testsuite> <!-- basic.assignment_06 -->
