<?xml version="1.0" encoding="UTF-8"?>
<!-- Generated by org.testng.reporters.JUnitReportReporter -->
<testsuite hostname="PHMA2-0947" failures="0" tests="1" name="stream.test_stream" time="0.020" errors="0" timestamp="2021-09-27T22:22:35 CST" skipped="0">
  <testcase classname="stream.test_stream" name="streamCollect" time="0.020"/>
  <system-out/>
</testsuite> <!-- stream.test_stream -->
