<?xml version="1.0" encoding="UTF-8"?>
<!-- Generated by org.testng.reporters.JUnitReportReporter -->
<testsuite hostname="DESKTOP-E8B2JUG" failures="0" tests="1" name="stream.stream_filter" time="8.295" errors="0" timestamp="2022-03-22T21:40:23 PST" skipped="0">
  <testcase classname="stream.stream_filter" name="main" time="8.295"/>
  <system-out/>
</testsuite> <!-- stream.stream_filter -->
