<?xml version="1.0" encoding="UTF-8"?>
<!-- Generated by org.testng.reporters.JUnitReportReporter -->
<testsuite hostname="DESKTOP-E8B2JUG" failures="0" tests="1" name="basic.assignment_08" time="12.581" errors="0" timestamp="2022-03-29T21:19:44 PST" skipped="0">
  <testcase classname="basic.assignment_08" name="autosuggest_test" time="12.581"/>
  <system-out/>
</testsuite> <!-- basic.assignment_08 -->
