<?xml version="1.0" encoding="UTF-8"?>
<!-- Generated by org.testng.reporters.JUnitReportReporter -->
<testsuite hostname="DESKTOP-E8B2JUG" failures="0" tests="1" name="stream.stream_table_sort" time="9.210" errors="0" timestamp="2022-03-22T21:21:59 PST" skipped="0">
  <testcase classname="stream.stream_table_sort" name="main" time="9.210"/>
  <system-out/>
</testsuite> <!-- stream.stream_table_sort -->
