<?xml version="1.0" encoding="UTF-8"?>
<!-- Generated by org.testng.reporters.JUnitReportReporter -->
<testsuite hostname="DESKTOP-E8B2JUG" failures="0" tests="1" name="selenium4.relative_locator" time="8.493" errors="0" timestamp="2022-03-25T21:55:17 PST" skipped="0">
  <testcase classname="selenium4.relative_locator" name="rel_loc" time="8.493"/>
  <system-out/>
</testsuite> <!-- selenium4.relative_locator -->
